<?xml version="1.0" encoding="UTF-8"?>
<testng-results ignored="0" total="2" passed="2" failed="0" skipped="0">
  <reporter-output>
  </reporter-output>
  <suite started-at="2023-12-02T03:23:22Z" name="Suite" finished-at="2023-12-02T03:23:24Z" duration-ms="2332">
    <groups>
      <group name="cucumber">
        <method signature="AbstractTestNGCucumberTests.runScenario(io.cucumber.testng.PickleWrapper, io.cucumber.testng.FeatureWrapper)[pri:0, instance:com.runner.RunnerTestSuite@67304a40]" name="runScenario" class="io.cucumber.testng.AbstractTestNGCucumberTests"/>
      </group> <!-- cucumber -->
    </groups>
    <test started-at="2023-12-02T03:23:22Z" name="Test" finished-at="2023-12-02T03:23:24Z" duration-ms="2332">
      <class name="com.runner.RunnerTestSuite">
        <test-method is-config="true" signature="setup()[pri:0, instance:com.runner.RunnerTestSuite@67304a40]" started-at="2023-12-02T03:23:22Z" name="setup" finished-at="2023-12-02T03:23:22Z" duration-ms="11" status="PASS">
          <reporter-output>
          </reporter-output>
        </test-method> <!-- setup -->
        <test-method is-config="true" signature="setUpClass()[pri:0, instance:com.runner.RunnerTestSuite@67304a40]" started-at="2023-12-02T03:23:22Z" name="setUpClass" finished-at="2023-12-02T03:23:23Z" duration-ms="524" status="PASS">
          <reporter-output>
          </reporter-output>
        </test-method> <!-- setUpClass -->
        <test-method signature="runScenario(io.cucumber.testng.PickleWrapper, io.cucumber.testng.FeatureWrapper)[pri:0, instance:com.runner.RunnerTestSuite@67304a40]" started-at="2023-12-02T03:23:23Z" name="runScenario" description="Runs Cucumber Scenarios" data-provider="scenarios" finished-at="2023-12-02T03:23:23Z" duration-ms="167" status="PASS">
          <params>
            <param index="0">
              <value>
                <![CDATA["As a user, I want to login to Costco website using valid credentials"]]>
              </value>
            </param>
            <param index="1">
              <value>
                <![CDATA["Optional[Login testing in Parabank website]"]]>
              </value>
            </param>
          </params>
          <reporter-output>
          </reporter-output>
        </test-method> <!-- runScenario -->
        <test-method signature="runScenario(io.cucumber.testng.PickleWrapper, io.cucumber.testng.FeatureWrapper)[pri:0, instance:com.runner.RunnerTestSuite@67304a40]" started-at="2023-12-02T03:23:23Z" name="runScenario" description="Runs Cucumber Scenarios" data-provider="scenarios" finished-at="2023-12-02T03:23:23Z" duration-ms="16" status="PASS">
          <params>
            <param index="0">
              <value>
                <![CDATA["As a user, I want to login to Costco website using valid credentials"]]>
              </value>
            </param>
            <param index="1">
              <value>
                <![CDATA["Optional[Logout testing in Parabank website]"]]>
              </value>
            </param>
          </params>
          <reporter-output>
          </reporter-output>
        </test-method> <!-- runScenario -->
        <test-method is-config="true" signature="tearDownClass()[pri:0, instance:com.runner.RunnerTestSuite@67304a40]" started-at="2023-12-02T03:23:23Z" name="tearDownClass" finished-at="2023-12-02T03:23:24Z" duration-ms="1592" status="PASS">
          <reporter-output>
          </reporter-output>
        </test-method> <!-- tearDownClass -->
      </class> <!-- com.runner.RunnerTestSuite -->
    </test> <!-- Test -->
  </suite> <!-- Suite -->
</testng-results>
