<?xml version="1.0" encoding="UTF-8"?>
<testng-results ignored="0" total="2" passed="2" failed="0" skipped="0">
  <reporter-output>
  </reporter-output>
  <suite started-at="2023-12-02T02:09:47Z" name="Default suite" finished-at="2023-12-02T02:09:49Z" duration-ms="1834">
    <groups>
      <group name="cucumber">
        <method signature="AbstractTestNGCucumberTests.runScenario(io.cucumber.testng.PickleWrapper, io.cucumber.testng.FeatureWrapper)[pri:0, instance:com.runner.RunnerTestSuite@604c5de8]" name="runScenario" class="io.cucumber.testng.AbstractTestNGCucumberTests"/>
      </group> <!-- cucumber -->
    </groups>
    <test started-at="2023-12-02T02:09:47Z" name="Default test" finished-at="2023-12-02T02:09:49Z" duration-ms="1834">
      <class name="com.runner.RunnerTestSuite">
        <test-method is-config="true" signature="setup()[pri:0, instance:com.runner.RunnerTestSuite@604c5de8]" started-at="2023-12-02T02:09:47Z" name="setup" finished-at="2023-12-02T02:09:47Z" duration-ms="6" status="PASS">
          <reporter-output>
          </reporter-output>
        </test-method> <!-- setup -->
        <test-method is-config="true" signature="setUpClass()[pri:0, instance:com.runner.RunnerTestSuite@604c5de8]" started-at="2023-12-02T02:09:47Z" name="setUpClass" finished-at="2023-12-02T02:09:48Z" duration-ms="314" status="PASS">
          <reporter-output>
          </reporter-output>
        </test-method> <!-- setUpClass -->
        <test-method signature="runScenario(io.cucumber.testng.PickleWrapper, io.cucumber.testng.FeatureWrapper)[pri:0, instance:com.runner.RunnerTestSuite@604c5de8]" started-at="2023-12-02T02:09:48Z" name="runScenario" description="Runs Cucumber Scenarios" data-provider="scenarios" finished-at="2023-12-02T02:09:48Z" duration-ms="108" status="PASS">
          <params>
            <param index="0">
              <value>
                <![CDATA["As a user, I want to login to Costco website using valid credentials"]]>
              </value>
            </param>
            <param index="1">
              <value>
                <![CDATA["Optional[Login testing in Parabank website]"]]>
              </value>
            </param>
          </params>
          <reporter-output>
          </reporter-output>
        </test-method> <!-- runScenario -->
        <test-method signature="runScenario(io.cucumber.testng.PickleWrapper, io.cucumber.testng.FeatureWrapper)[pri:0, instance:com.runner.RunnerTestSuite@604c5de8]" started-at="2023-12-02T02:09:48Z" name="runScenario" description="Runs Cucumber Scenarios" data-provider="scenarios" finished-at="2023-12-02T02:09:48Z" duration-ms="12" status="PASS">
          <params>
            <param index="0">
              <value>
                <![CDATA["As a user, I want to login to Costco website using valid credentials"]]>
              </value>
            </param>
            <param index="1">
              <value>
                <![CDATA["Optional[Login testing in Parabank website]"]]>
              </value>
            </param>
          </params>
          <reporter-output>
          </reporter-output>
        </test-method> <!-- runScenario -->
        <test-method is-config="true" signature="tearDownClass()[pri:0, instance:com.runner.RunnerTestSuite@604c5de8]" started-at="2023-12-02T02:09:48Z" name="tearDownClass" finished-at="2023-12-02T02:09:49Z" duration-ms="1377" status="PASS">
          <reporter-output>
          </reporter-output>
        </test-method> <!-- tearDownClass -->
      </class> <!-- com.runner.RunnerTestSuite -->
    </test> <!-- Default test -->
  </suite> <!-- Default suite -->
</testng-results>
